<?xml version="1.0" encoding="UTF-8"?>
<robot generator="Robot 5.0.1 (Python 3.9.6 on win32)" generated="20220522 11:52:29.331" rpa="false" schemaversion="3">
<suite id="s1" name="Google" source="C:\Users\lucas_barroso\Desktop\pocvm\google.robot">
<test id="s1-t1" name="Open Store &amp; Login Store With Wrong Credentials" line="11">
<kw name="Navigate To Store">
<kw name="Open Browser" library="SeleniumLibrary">
<arg>http://automationpractice.com/</arg>
<arg>browser=chrome</arg>
<arg>options=add_experimental_option('excludeSwitches', ['enable-logging'])</arg>
<doc>Opens a new browser instance to the optional ``url``.</doc>
<msg timestamp="20220522 11:52:30.046" level="INFO">Opening browser 'chrome' to base url 'http://automationpractice.com/'.</msg>
<status status="PASS" starttime="20220522 11:52:30.046" endtime="20220522 11:52:36.100"/>
</kw>
<status status="PASS" starttime="20220522 11:52:30.046" endtime="20220522 11:52:36.100"/>
</kw>
<kw name="Verify Page Contains Store">
<kw name="Get Title" library="SeleniumLibrary">
<var>${Get_Title}</var>
<doc>Returns the title of the current page.</doc>
<msg timestamp="20220522 11:52:36.108" level="INFO">${Get_Title} = My Store</msg>
<status status="PASS" starttime="20220522 11:52:36.104" endtime="20220522 11:52:36.108"/>
</kw>
<kw name="Should Be Equal As Strings" library="BuiltIn">
<arg>${Get_Title}</arg>
<arg>My Store</arg>
<doc>Fails if objects are unequal after converting them to strings.</doc>
<status status="PASS" starttime="20220522 11:52:36.108" endtime="20220522 11:52:36.108"/>
</kw>
<status status="PASS" starttime="20220522 11:52:36.100" endtime="20220522 11:52:36.108"/>
</kw>
<kw name="Signin With Dummy Email">
<kw name="Click Element" library="SeleniumLibrary">
<arg>css=.login</arg>
<doc>Click the element identified by ``locator``.</doc>
<msg timestamp="20220522 11:52:36.112" level="INFO">Clicking element 'css=.login'.</msg>
<status status="PASS" starttime="20220522 11:52:36.112" endtime="20220522 11:52:39.988"/>
</kw>
<kw name="Wait Until Page Contains Element" library="SeleniumLibrary">
<arg>email</arg>
<arg>20s</arg>
<doc>Waits until the element ``locator`` appears on the current page.</doc>
<status status="PASS" starttime="20220522 11:52:39.988" endtime="20220522 11:52:40.004"/>
</kw>
<kw name="Generate Random Email" library="CustomLib">
<var>${random_email}</var>
<arg>${8}</arg>
<msg timestamp="20220522 11:52:40.004" level="INFO">${random_email} = llkeedgc@outlook.com</msg>
<status status="PASS" starttime="20220522 11:52:40.004" endtime="20220522 11:52:40.004"/>
</kw>
<kw name="Input Text" library="SeleniumLibrary">
<arg>email</arg>
<arg>${random_email}</arg>
<doc>Types the given ``text`` into the text field identified by ``locator``.</doc>
<msg timestamp="20220522 11:52:40.004" level="INFO">Typing text 'llkeedgc@outlook.com' into text field 'email'.</msg>
<status status="PASS" starttime="20220522 11:52:40.004" endtime="20220522 11:52:40.176"/>
</kw>
<kw name="Input Text" library="SeleniumLibrary">
<arg>passwd</arg>
<arg>password123</arg>
<doc>Types the given ``text`` into the text field identified by ``locator``.</doc>
<msg timestamp="20220522 11:52:40.176" level="INFO">Typing text 'password123' into text field 'passwd'.</msg>
<status status="PASS" starttime="20220522 11:52:40.176" endtime="20220522 11:52:40.373"/>
</kw>
<kw name="Click Element" library="SeleniumLibrary">
<arg>SubmitLogin</arg>
<doc>Click the element identified by ``locator``.</doc>
<msg timestamp="20220522 11:52:40.373" level="INFO">Clicking element 'SubmitLogin'.</msg>
<status status="PASS" starttime="20220522 11:52:40.373" endtime="20220522 11:52:44.451"/>
</kw>
<kw name="Wait Until Page Contains" library="SeleniumLibrary">
<arg>Authentication failed.</arg>
<doc>Waits until ``text`` appears on the current page.</doc>
<status status="PASS" starttime="20220522 11:52:44.451" endtime="20220522 11:52:44.463"/>
</kw>
<status status="PASS" starttime="20220522 11:52:36.108" endtime="20220522 11:52:44.467"/>
</kw>
<status status="PASS" starttime="20220522 11:52:30.042" endtime="20220522 11:52:44.467"/>
</test>
<doc>My first test
This test will verify google</doc>
<status status="PASS" starttime="20220522 11:52:29.335" endtime="20220522 11:52:44.467"/>
</suite>
<statistics>
<total>
<stat pass="1" fail="0" skip="0">All Tests</stat>
</total>
<tag>
</tag>
<suite>
<stat pass="1" fail="0" skip="0" id="s1" name="Google">Google</stat>
</suite>
</statistics>
<errors>
</errors>
</robot>
